[2025-11-17 16:28:21,383]  WARN {com.atomikos.icatch.config.UserTransactionServiceImp} - Using init file: /C:/Users/abc/Desktop/MESSAG~1/wso2mi/bin/../wso2/lib/transactions.properties
[2025-11-17 16:28:21,384]  WARN {com.atomikos.icatch.config.UserTransactionServiceImp} - Failed to open transactions properties file - using default values
[2025-11-17 16:28:21,416]  INFO {com.atomikos.persistence.imp.FileLogStream} - Logfile closed: C:\Users\abc\Desktop\MESSAG~1\wso2mi\.\tmlog-1.log
[2025-11-17 16:28:21,427]  INFO {com.atomikos.icatch.config.imp.AbstractUserTransactionService} - USING core version: 3.8.0
[2025-11-17 16:28:21,428]  INFO {com.atomikos.icatch.config.imp.AbstractUserTransactionService} - USING com.atomikos.icatch.console_file_name = tm.out
[2025-11-17 16:28:21,428]  INFO {com.atomikos.icatch.config.imp.AbstractUserTransactionService} - USING com.atomikos.icatch.console_file_count = 1
[2025-11-17 16:28:21,428]  INFO {com.atomikos.icatch.config.imp.AbstractUserTransactionService} - USING com.atomikos.icatch.automatic_resource_registration = true
[2025-11-17 16:28:21,428]  INFO {com.atomikos.icatch.config.imp.AbstractUserTransactionService} - USING com.atomikos.icatch.client_demarcation = false
[2025-11-17 16:28:21,428]  INFO {com.atomikos.icatch.config.imp.AbstractUserTransactionService} - USING com.atomikos.icatch.threaded_2pc = false
[2025-11-17 16:28:21,428]  INFO {com.atomikos.icatch.config.imp.AbstractUserTransactionService} - USING com.atomikos.icatch.serial_jta_transactions = true
[2025-11-17 16:28:21,428]  INFO {com.atomikos.icatch.config.imp.AbstractUserTransactionService} - USING com.atomikos.icatch.log_base_dir = .\
[2025-11-17 16:28:21,428]  INFO {com.atomikos.icatch.config.imp.AbstractUserTransactionService} - USING com.atomikos.icatch.max_actives = 50
[2025-11-17 16:28:21,428]  INFO {com.atomikos.icatch.config.imp.AbstractUserTransactionService} - USING com.atomikos.icatch.console_log_level = WARN
[2025-11-17 16:28:21,428]  INFO {com.atomikos.icatch.config.imp.AbstractUserTransactionService} - USING com.atomikos.icatch.checkpoint_interval = 500
[2025-11-17 16:28:21,428]  INFO {com.atomikos.icatch.config.imp.AbstractUserTransactionService} - USING com.atomikos.icatch.enable_logging = true
[2025-11-17 16:28:21,428]  INFO {com.atomikos.icatch.config.imp.AbstractUserTransactionService} - USING com.atomikos.icatch.output_dir = .\
[2025-11-17 16:28:21,428]  INFO {com.atomikos.icatch.config.imp.AbstractUserTransactionService} - USING com.atomikos.icatch.log_base_name = tmlog
[2025-11-17 16:28:21,428]  INFO {com.atomikos.icatch.config.imp.AbstractUserTransactionService} - USING com.atomikos.icatch.console_file_limit = -1
[2025-11-17 16:28:21,428]  INFO {com.atomikos.icatch.config.imp.AbstractUserTransactionService} - USING com.atomikos.icatch.max_timeout = 300000
[2025-11-17 16:28:21,428]  INFO {com.atomikos.icatch.config.imp.AbstractUserTransactionService} - USING com.atomikos.icatch.tm_unique_name = 172.19.82.156.tm
[2025-11-17 16:28:21,428]  INFO {com.atomikos.icatch.config.imp.AbstractUserTransactionService} - USING java.naming.factory.initial = com.sun.jndi.rmi.registry.RegistryContextFactory
[2025-11-17 16:28:21,429]  INFO {com.atomikos.icatch.config.imp.AbstractUserTransactionService} - USING java.naming.provider.url = rmi://localhost:1099
[2025-11-17 16:28:21,429]  INFO {com.atomikos.icatch.config.imp.AbstractUserTransactionService} - USING com.atomikos.icatch.service = com.atomikos.icatch.standalone.UserTransactionServiceFactory
[2025-11-17 16:28:21,429]  INFO {com.atomikos.icatch.config.imp.AbstractUserTransactionService} - USING com.atomikos.icatch.force_shutdown_on_vm_exit = false
[2025-11-17 16:28:21,429]  INFO {com.atomikos.icatch.config.imp.AbstractUserTransactionService} - USING com.atomikos.icatch.default_jta_timeout = 10000
[2025-11-17 16:31:32,881]  INFO {com.atomikos.persistence.imp.FileLogStream} - Logfile closed: C:\Users\abc\Desktop\MESSAG~1\wso2mi\.\tmlog0.log
[2025-11-17 16:31:32,882]  INFO {com.atomikos.icatch.imp.thread.TaskManager} - THREADS: using JDK thread pooling...
[2025-11-17 16:31:58,698]  INFO {com.atomikos.persistence.imp.FileLogStream} - Starting read of logfile C:\Users\abc\Desktop\MESSAG~1\wso2mi\.\tmlog0.log
[2025-11-17 16:31:58,698]  INFO {com.atomikos.persistence.imp.FileLogStream} - Done read of logfile
[2025-11-17 16:31:58,699]  INFO {com.atomikos.persistence.imp.FileLogStream} - Logfile closed: C:\Users\abc\Desktop\MESSAG~1\wso2mi\.\tmlog0.log
[2025-11-17 16:31:58,708]  INFO {com.atomikos.icatch.config.imp.AbstractUserTransactionService} - USING core version: 3.8.0
[2025-11-17 16:31:58,708]  INFO {com.atomikos.icatch.config.imp.AbstractUserTransactionService} - USING com.atomikos.icatch.console_file_name = tm.out
[2025-11-17 16:31:58,708]  INFO {com.atomikos.icatch.config.imp.AbstractUserTransactionService} - USING com.atomikos.icatch.console_file_count = 1
[2025-11-17 16:31:58,708]  INFO {com.atomikos.icatch.config.imp.AbstractUserTransactionService} - USING com.atomikos.icatch.automatic_resource_registration = true
[2025-11-17 16:31:58,708]  INFO {com.atomikos.icatch.config.imp.AbstractUserTransactionService} - USING com.atomikos.icatch.client_demarcation = false
[2025-11-17 16:31:58,708]  INFO {com.atomikos.icatch.config.imp.AbstractUserTransactionService} - USING com.atomikos.icatch.threaded_2pc = false
[2025-11-17 16:31:58,709]  INFO {com.atomikos.icatch.config.imp.AbstractUserTransactionService} - USING com.atomikos.icatch.serial_jta_transactions = true
[2025-11-17 16:31:58,709]  INFO {com.atomikos.icatch.config.imp.AbstractUserTransactionService} - USING com.atomikos.icatch.log_base_dir = .\
[2025-11-17 16:31:58,709]  INFO {com.atomikos.icatch.config.imp.AbstractUserTransactionService} - USING com.atomikos.icatch.max_actives = 50
[2025-11-17 16:31:58,709]  INFO {com.atomikos.icatch.config.imp.AbstractUserTransactionService} - USING com.atomikos.icatch.console_log_level = WARN
[2025-11-17 16:31:58,709]  INFO {com.atomikos.icatch.config.imp.AbstractUserTransactionService} - USING com.atomikos.icatch.checkpoint_interval = 500
[2025-11-17 16:31:58,709]  INFO {com.atomikos.icatch.config.imp.AbstractUserTransactionService} - USING com.atomikos.icatch.enable_logging = true
[2025-11-17 16:31:58,709]  INFO {com.atomikos.icatch.config.imp.AbstractUserTransactionService} - USING com.atomikos.icatch.output_dir = .\
[2025-11-17 16:31:58,709]  INFO {com.atomikos.icatch.config.imp.AbstractUserTransactionService} - USING com.atomikos.icatch.log_base_name = tmlog
[2025-11-17 16:31:58,709]  INFO {com.atomikos.icatch.config.imp.AbstractUserTransactionService} - USING com.atomikos.icatch.console_file_limit = -1
[2025-11-17 16:31:58,709]  INFO {com.atomikos.icatch.config.imp.AbstractUserTransactionService} - USING com.atomikos.icatch.max_timeout = 300000
[2025-11-17 16:31:58,709]  INFO {com.atomikos.icatch.config.imp.AbstractUserTransactionService} - USING com.atomikos.icatch.tm_unique_name = 172.19.82.156.tm
[2025-11-17 16:31:58,709]  INFO {com.atomikos.icatch.config.imp.AbstractUserTransactionService} - USING java.naming.factory.initial = com.sun.jndi.rmi.registry.RegistryContextFactory
[2025-11-17 16:31:58,709]  INFO {com.atomikos.icatch.config.imp.AbstractUserTransactionService} - USING java.naming.provider.url = rmi://localhost:1099
[2025-11-17 16:31:58,710]  INFO {com.atomikos.icatch.config.imp.AbstractUserTransactionService} - USING com.atomikos.icatch.service = com.atomikos.icatch.standalone.UserTransactionServiceFactory
[2025-11-17 16:31:58,710]  INFO {com.atomikos.icatch.config.imp.AbstractUserTransactionService} - USING com.atomikos.icatch.force_shutdown_on_vm_exit = false
[2025-11-17 16:31:58,710]  INFO {com.atomikos.icatch.config.imp.AbstractUserTransactionService} - USING com.atomikos.icatch.default_jta_timeout = 10000
[2025-11-17 16:32:40,799]  INFO {com.atomikos.logging.LoggerFactory} - Using Slf4J for logging.
[2025-11-17 16:32:40,819]  WARN {com.atomikos.icatch.config.UserTransactionServiceImp} - Using init file: /C:/Users/abc/Desktop/MESSAG~1/wso2mi/bin/../wso2/lib/transactions.properties
[2025-11-17 16:32:40,819]  WARN {com.atomikos.icatch.config.UserTransactionServiceImp} - Failed to open transactions properties file - using default values
[2025-11-17 16:32:40,874]  INFO {com.atomikos.persistence.imp.FileLogStream} - Starting read of logfile C:\Users\abc\Desktop\MESSAG~1\wso2mi\.\tmlog1.log
[2025-11-17 16:32:40,874]  INFO {com.atomikos.persistence.imp.FileLogStream} - Done read of logfile
[2025-11-17 16:32:40,875]  INFO {com.atomikos.persistence.imp.FileLogStream} - Logfile closed: C:\Users\abc\Desktop\MESSAG~1\wso2mi\.\tmlog1.log
[2025-11-17 16:32:40,880]  INFO {com.atomikos.icatch.config.imp.AbstractUserTransactionService} - USING core version: 3.8.0
[2025-11-17 16:32:40,880]  INFO {com.atomikos.icatch.config.imp.AbstractUserTransactionService} - USING com.atomikos.icatch.console_file_name = tm.out
[2025-11-17 16:32:40,880]  INFO {com.atomikos.icatch.config.imp.AbstractUserTransactionService} - USING com.atomikos.icatch.console_file_count = 1
[2025-11-17 16:32:40,880]  INFO {com.atomikos.icatch.config.imp.AbstractUserTransactionService} - USING com.atomikos.icatch.automatic_resource_registration = true
[2025-11-17 16:32:40,880]  INFO {com.atomikos.icatch.config.imp.AbstractUserTransactionService} - USING com.atomikos.icatch.client_demarcation = false
[2025-11-17 16:32:40,880]  INFO {com.atomikos.icatch.config.imp.AbstractUserTransactionService} - USING com.atomikos.icatch.threaded_2pc = false
[2025-11-17 16:32:40,880]  INFO {com.atomikos.icatch.config.imp.AbstractUserTransactionService} - USING com.atomikos.icatch.serial_jta_transactions = true
[2025-11-17 16:32:40,880]  INFO {com.atomikos.icatch.config.imp.AbstractUserTransactionService} - USING com.atomikos.icatch.log_base_dir = .\
[2025-11-17 16:32:40,880]  INFO {com.atomikos.icatch.config.imp.AbstractUserTransactionService} - USING com.atomikos.icatch.max_actives = 50
[2025-11-17 16:32:40,882]  INFO {com.atomikos.icatch.config.imp.AbstractUserTransactionService} - USING com.atomikos.icatch.console_log_level = WARN
[2025-11-17 16:32:40,882]  INFO {com.atomikos.icatch.config.imp.AbstractUserTransactionService} - USING com.atomikos.icatch.checkpoint_interval = 500
[2025-11-17 16:32:40,882]  INFO {com.atomikos.icatch.config.imp.AbstractUserTransactionService} - USING com.atomikos.icatch.enable_logging = true
[2025-11-17 16:32:40,882]  INFO {com.atomikos.icatch.config.imp.AbstractUserTransactionService} - USING com.atomikos.icatch.output_dir = .\
[2025-11-17 16:32:40,882]  INFO {com.atomikos.icatch.config.imp.AbstractUserTransactionService} - USING com.atomikos.icatch.log_base_name = tmlog
[2025-11-17 16:32:40,882]  INFO {com.atomikos.icatch.config.imp.AbstractUserTransactionService} - USING com.atomikos.icatch.console_file_limit = -1
[2025-11-17 16:32:40,882]  INFO {com.atomikos.icatch.config.imp.AbstractUserTransactionService} - USING com.atomikos.icatch.max_timeout = 300000
[2025-11-17 16:32:40,882]  INFO {com.atomikos.icatch.config.imp.AbstractUserTransactionService} - USING com.atomikos.icatch.tm_unique_name = 172.19.82.156.tm
[2025-11-17 16:32:40,882]  INFO {com.atomikos.icatch.config.imp.AbstractUserTransactionService} - USING java.naming.factory.initial = com.sun.jndi.rmi.registry.RegistryContextFactory
[2025-11-17 16:32:40,882]  INFO {com.atomikos.icatch.config.imp.AbstractUserTransactionService} - USING java.naming.provider.url = rmi://localhost:1099
[2025-11-17 16:32:40,882]  INFO {com.atomikos.icatch.config.imp.AbstractUserTransactionService} - USING com.atomikos.icatch.service = com.atomikos.icatch.standalone.UserTransactionServiceFactory
[2025-11-17 16:32:40,882]  INFO {com.atomikos.icatch.config.imp.AbstractUserTransactionService} - USING com.atomikos.icatch.force_shutdown_on_vm_exit = false
[2025-11-17 16:32:40,882]  INFO {com.atomikos.icatch.config.imp.AbstractUserTransactionService} - USING com.atomikos.icatch.default_jta_timeout = 10000
